1509094784965	geckodriver	INFO	geckodriver 0.18.0
1509094784971	geckodriver	INFO	Listening on 127.0.0.1:51882
1509094786024	geckodriver::marionette	INFO	Starting browser /Applications/Firefox.app/Contents/MacOS/firefox-bin with args ["-marionette"]
1509094786852	Marionette	INFO	Enabled via --marionette
2017-10-27 14:29:48.177 plugin-container[6962:2055954] *** CFMessagePort: bootstrap_register(): failed 1100 (0x44c) 'Permission denied', port = 0xa43b, name = 'com.apple.tsm.portname'
See /usr/include/servers/bootstrap_defs.h for the error codes.
2017-10-27 14:29:48.180 plugin-container[6962:2055954] *** CFMessagePort: bootstrap_register(): failed 1100 (0x44c) 'Permission denied', port = 0xa703, name = 'com.apple.CFPasteboardClient'
See /usr/include/servers/bootstrap_defs.h for the error codes.
1509094788517	Marionette	INFO	Listening on port 51895
JavaScript error: chrome://marionette/content/server.js, line 337: NS_ERROR_SOCKET_ADDRESS_IN_USE: Component returned failure code: 0x804b0036 (NS_ERROR_SOCKET_ADDRESS_IN_USE) [nsIServerSocket.initSpecialConnection]
1509094788590	Marionette	WARN	TLS certificate errors will be ignored for this session
1509094788623	Marionette	DEBUG	loaded listener.js
1509094798744	Marionette	DEBUG	Received DOM event "beforeunload" for "about:blank"
1509094800005	Marionette	DEBUG	Received DOM event "pagehide" for "about:blank"
1509094800006	Marionette	DEBUG	Received DOM event "unload" for "about:blank"
1509094801300	Marionette	DEBUG	Received DOM event "DOMContentLoaded" for "http://gadgets.ndtv.com/mobiles/all-brands"
1509094801525	Marionette	DEBUG	Received DOM event "DOMContentLoaded" for "http://gadgets.ndtv.com/mobiles/all-brands"
1509094801538	Marionette	DEBUG	Received DOM event "pageshow" for "http://gadgets.ndtv.com/mobiles/all-brands"
1509094801579	Marionette	DEBUG	Received DOM event "DOMContentLoaded" for "http://gadgets.ndtv.com/mobiles/all-brands"
1509094801586	Marionette	DEBUG	Received DOM event "pageshow" for "http://gadgets.ndtv.com/mobiles/all-brands"
1509094801588	Marionette	DEBUG	Received DOM event "DOMContentLoaded" for "http://gadgets.ndtv.com/mobiles/all-brands"
1509094801591	Marionette	DEBUG	Received DOM event "pageshow" for "http://gadgets.ndtv.com/mobiles/all-brands"
1509094802165	Marionette	DEBUG	Received observer notification "outer-window-destroyed" for "2147483653"
1509094802166	Marionette	DEBUG	Received observer notification "outer-window-destroyed" for "2147483654"
1509094802166	Marionette	DEBUG	Received observer notification "outer-window-destroyed" for "2147483655"
1509094802534	Marionette	DEBUG	Received DOM event "DOMContentLoaded" for "http://gadgets.ndtv.com/mobiles/all-brands"
1509094802539	Marionette	DEBUG	Received DOM event "pageshow" for "http://gadgets.ndtv.com/mobiles/all-brands"
1509094802539	Marionette	DEBUG	Received DOM event "DOMContentLoaded" for "http://gadgets.ndtv.com/mobiles/all-brands"
1509094802545	Marionette	DEBUG	Received DOM event "pageshow" for "http://gadgets.ndtv.com/mobiles/all-brands"
1509094802558	Marionette	DEBUG	Received DOM event "DOMContentLoaded" for "http://gadgets.ndtv.com/mobiles/all-brands"
1509094802562	Marionette	DEBUG	Received DOM event "pageshow" for "http://gadgets.ndtv.com/mobiles/all-brands"
1509094802576	Marionette	DEBUG	Received DOM event "DOMContentLoaded" for "http://acdn.adnxs.com/ib/static/usersync/v3/async_usersync.html"
1509094802579	Marionette	DEBUG	Received DOM event "pageshow" for "http://acdn.adnxs.com/ib/static/usersync/v3/async_usersync.html"
1509094803113	Marionette	DEBUG	Received observer notification "outer-window-destroyed" for "2147483663"
1509094803114	Marionette	DEBUG	Received observer notification "outer-window-destroyed" for "2147483664"
1509094803624	Marionette	DEBUG	Received DOM event "pageshow" for "http://gadgets.ndtv.com/mobiles/all-brands"
1509094803743	Marionette	DEBUG	Received DOM event "DOMContentLoaded" for "http://gadgets.ndtv.com/mobiles/all-brands"
1509094803751	Marionette	DEBUG	Received DOM event "pageshow" for "http://gadgets.ndtv.com/mobiles/all-brands"
1509094804058	Marionette	DEBUG	Received DOM event "DOMContentLoaded" for "http://gadgets.ndtv.com/mobiles/all-brands"
1509094804261	Marionette	DEBUG	Received DOM event "DOMContentLoaded" for "https://gadgets360.com/ecom_91b5dfb18924be4c_gtm.html?tvc_universalCookie=GA1.2.95737154.1509094801"
1509094804264	Marionette	DEBUG	Received DOM event "pageshow" for "https://gadgets360.com/ecom_91b5dfb18924be4c_gtm.html?tvc_universalCookie=GA1.2.95737154.1509094801"
1509094804269	Marionette	DEBUG	Received DOM event "DOMContentLoaded" for "http://tpc.googlesyndication.com/safeframe/1-0-13/html/container.html"
1509094804322	Marionette	DEBUG	Received DOM event "DOMContentLoaded" for "https://googleads.g.doubleclick.net/pagead/html/r20171023/r20170110/zrt_lookup.html#"
1509094804327	Marionette	DEBUG	Received DOM event "pageshow" for "https://googleads.g.doubleclick.net/pagead/html/r20171023/r20170110/zrt_lookup.html#"
1509094804328	Marionette	DEBUG	Received DOM event "DOMContentLoaded" for "http://gadgets.ndtv.com/mobiles/all-brands"
1509094804354	Marionette	DEBUG	Received DOM event "DOMContentLoaded" for "http://tpc.googlesyndication.com/safeframe/1-0-13/html/container.html"
1509094804361	Marionette	DEBUG	Received DOM event "pageshow" for "http://tpc.googlesyndication.com/safeframe/1-0-13/html/container.html"
1509094804365	Marionette	DEBUG	Received DOM event "DOMContentLoaded" for "http://gadgets.ndtv.com/mobiles/all-brands"
1509094804368	Marionette	DEBUG	Received DOM event "pageshow" for "http://gadgets.ndtv.com/mobiles/all-brands"
1509094804449	Marionette	DEBUG	Received DOM event "pageshow" for "http://tpc.googlesyndication.com/safeframe/1-0-13/html/container.html"
1509094804489	Marionette	DEBUG	Received DOM event "pageshow" for "http://m.adnxs.com/mapuid?member=280&user=23E7ADE1DD1F613A30A5A6C9D91F6284;"
1509094804823	Marionette	DEBUG	Received DOM event "DOMContentLoaded" for "http://s0.2mdn.net/dfp/158322/4449200594/1507112074012/index.html"
1509094804829	Marionette	DEBUG	Received DOM event "pageshow" for "http://s0.2mdn.net/dfp/158322/4449200594/1507112074012/index.html"
1509094804843	Marionette	DEBUG	Received DOM event "DOMContentLoaded" for "https://googleads.g.doubleclick.net/pagead/ads?client=ca-pub-7641565019577886&output=html&h=250&slotname=9620995618&adk=2559688381&adf=3279755399&w=970&loeid=38893313%2C453848104&format=970x250&url=http%3A%2F%2Fgadgets.ndtv.com%2Fmobiles%2Fall-brands&ea=0&flash=0&wgl=1&adsid=NT&dt=1509094803597&bpp=18&bdt=1424&fdt=30&idt=485&shv=r20171023&cbv=r20170110&saldr=aa&correlator=6342154024485&frm=23&ga_vid=1627840328.1509094800&ga_sid=1509094804&ga_hid=1374723907&ga_fc=0&pv=2&icsg=2&nhd=2&dssz=2&mdo=0&mso=0&u_tz=330&u_his=1&u_java=0&u_h=800&u_w=1280&u_ah=724&u_aw=1280&u_cd=24&u_nplug=0&u_nmime=0&adx=155&ady=4957&biw=1280&bih=647&isw=970&ish=250&ifk=3078832426&eid=10583696%2C21061122%2C38893303&oid=3&nmo=1&rx=0&eae=2&fc=528&brdim=%2C%2C0%2C23%2C1280%2C23%2C1280%2C724%2C970%2C250&vis=1&rsz=%7C%7CeEbr%7C&abl=CS&ppjl=f&pfx=0&fu=1044&bc=1&ifi=1&dtd=584"
1509094804898	Marionette	DEBUG	Received DOM event "DOMContentLoaded" for "https://googleads.g.doubleclick.net/pagead/drt/s?v=r20120211"
1509094804905	Marionette	DEBUG	Received DOM event "pageshow" for "https://googleads.g.doubleclick.net/pagead/drt/s?v=r20120211"
1509094805019	Marionette	DEBUG	Received DOM event "DOMContentLoaded" for "https://pagead2.googlesyndication.com/pagead/s/cookie_push.html#aHR0cHM6Ly9waXhlbC5ldmVyZXN0dGVjaC5uZXQvMS9tP3VybD1odHRwcyUzQSUyRiUyRmNtLmcuZG91YmxlY2xpY2submV0JTJGcGl4ZWwlM0Znb29nbGVfbmlkJTNEZXZlcmVzdCUyNmdvb2dsZV9obSUzRF9fRUZHU1VSRkVSX1VTQjY0X18lMjZnb29nbGVfcHVzaCUzREFITkYxM0lXQmRwUElqb0dQb1YwT3FQRjlQd1pUeTFIOXRNNTNoRmZMZk4wU0FvJmdvb2dsZV9naWQ9Q0FFU0VHMkxvQzFqelB4Umt1Q2JLNEZCR2k4Jmdvb2dsZV9jdmVyPTE=,aHR0cHM6Ly9jbS5nLmRvdWJsZWNsaWNrLm5ldC9waXhlbC9hdHRyP2Q9QUhORjEzTFNfUG5CcTNYWlJXV2l6ekdXUDFNTm9xVEN1ZmFM"
1509094805226	Marionette	DEBUG	Received DOM event "DOMContentLoaded" for "https://googleads.g.doubleclick.net/pagead/drt/si"
1509094805231	Marionette	DEBUG	Received DOM event "pageshow" for "https://googleads.g.doubleclick.net/pagead/drt/si"
1509094805917	Marionette	DEBUG	Received DOM event "pageshow" for "https://pagead2.googlesyndication.com/pagead/s/cookie_push.html#aHR0cHM6Ly9waXhlbC5ldmVyZXN0dGVjaC5uZXQvMS9tP3VybD1odHRwcyUzQSUyRiUyRmNtLmcuZG91YmxlY2xpY2submV0JTJGcGl4ZWwlM0Znb29nbGVfbmlkJTNEZXZlcmVzdCUyNmdvb2dsZV9obSUzRF9fRUZHU1VSRkVSX1VTQjY0X18lMjZnb29nbGVfcHVzaCUzREFITkYxM0lXQmRwUElqb0dQb1YwT3FQRjlQd1pUeTFIOXRNNTNoRmZMZk4wU0FvJmdvb2dsZV9naWQ9Q0FFU0VHMkxvQzFqelB4Umt1Q2JLNEZCR2k4Jmdvb2dsZV9jdmVyPTE=,aHR0cHM6Ly9jbS5nLmRvdWJsZWNsaWNrLm5ldC9waXhlbC9hdHRyP2Q9QUhORjEzTFNfUG5CcTNYWlJXV2l6ekdXUDFNTm9xVEN1ZmFM"
1509094805925	Marionette	DEBUG	Received DOM event "pageshow" for "https://googleads.g.doubleclick.net/pagead/ads?client=ca-pub-7641565019577886&output=html&h=250&slotname=9620995618&adk=2559688381&adf=3279755399&w=970&loeid=38893313%2C453848104&format=970x250&url=http%3A%2F%2Fgadgets.ndtv.com%2Fmobiles%2Fall-brands&ea=0&flash=0&wgl=1&adsid=NT&dt=1509094803597&bpp=18&bdt=1424&fdt=30&idt=485&shv=r20171023&cbv=r20170110&saldr=aa&correlator=6342154024485&frm=23&ga_vid=1627840328.1509094800&ga_sid=1509094804&ga_hid=1374723907&ga_fc=0&pv=2&icsg=2&nhd=2&dssz=2&mdo=0&mso=0&u_tz=330&u_his=1&u_java=0&u_h=800&u_w=1280&u_ah=724&u_aw=1280&u_cd=24&u_nplug=0&u_nmime=0&adx=155&ady=4957&biw=1280&bih=647&isw=970&ish=250&ifk=3078832426&eid=10583696%2C21061122%2C38893303&oid=3&nmo=1&rx=0&eae=2&fc=528&brdim=%2C%2C0%2C23%2C1280%2C23%2C1280%2C724%2C970%2C250&vis=1&rsz=%7C%7CeEbr%7C&abl=CS&ppjl=f&pfx=0&fu=1044&bc=1&ifi=1&dtd=584"
1509094805933	Marionette	DEBUG	Received DOM event "pageshow" for "https://googleads.g.doubleclick.net/pagead/ads?client=ca-pub-7641565019577886&output=html&h=250&slotname=9620995618&adk=2559688381&adf=3279755399&w=970&loeid=38893313%2C453848104&format=970x250&url=http%3A%2F%2Fgadgets.ndtv.com%2Fmobiles%2Fall-brands&ea=0&flash=0&wgl=1&adsid=NT&dt=1509094803597&bpp=18&bdt=1424&fdt=30&idt=485&shv=r20171023&cbv=r20170110&saldr=aa&correlator=6342154024485&frm=23&ga_vid=1627840328.1509094800&ga_sid=1509094804&ga_hid=1374723907&ga_fc=0&pv=2&icsg=2&nhd=2&dssz=2&mdo=0&mso=0&u_tz=330&u_his=1&u_java=0&u_h=800&u_w=1280&u_ah=724&u_aw=1280&u_cd=24&u_nplug=0&u_nmime=0&adx=155&ady=4957&biw=1280&bih=647&isw=970&ish=250&ifk=3078832426&eid=10583696%2C21061122%2C38893303&oid=3&nmo=1&rx=0&eae=2&fc=528&brdim=%2C%2C0%2C23%2C1280%2C23%2C1280%2C724%2C970%2C250&vis=1&rsz=%7C%7CeEbr%7C&abl=CS&ppjl=f&pfx=0&fu=1044&bc=1&ifi=1&dtd=584"
1509094805935	Marionette	DEBUG	Received DOM event "pageshow" for "http://gadgets.ndtv.com/mobiles/all-brands"
1509094805939	Marionette	DEBUG	Received DOM event "pageshow" for "http://gadgets.ndtv.com/mobiles/all-brands"
1509094805980	Marionette	DEBUG	Received DOM event "pageshow" for "http://gadgets.ndtv.com/mobiles/all-brands"
1509097738304	Marionette	DEBUG	Received DOM event "beforeunload" for "http://gadgets.ndtv.com/mobiles/all-brands"
1509097738399	Marionette	DEBUG	Received DOM event "pagehide" for "http://gadgets.ndtv.com/mobiles/all-brands"
1509097738411	Marionette	DEBUG	Received DOM event "unload" for "http://gadgets.ndtv.com/mobiles/all-brands"
1509097738755	Marionette	DEBUG	Received observer notification "outer-window-destroyed" for "2147483671"
1509097738756	Marionette	DEBUG	Received observer notification "outer-window-destroyed" for "2147483691"
1509097738758	Marionette	DEBUG	Received observer notification "outer-window-destroyed" for "2147483673"
1509097738760	Marionette	DEBUG	Received observer notification "outer-window-destroyed" for "2147483683"
1509097738761	Marionette	DEBUG	Received observer notification "outer-window-destroyed" for "2147483696"
1509097738761	Marionette	DEBUG	Received observer notification "outer-window-destroyed" for "2147483698"
1509097738761	Marionette	DEBUG	Received observer notification "outer-window-destroyed" for "2147483702"
1509097738762	Marionette	DEBUG	Received observer notification "outer-window-destroyed" for "2147483687"
1509097738763	Marionette	DEBUG	Received observer notification "outer-window-destroyed" for "2147483689"
1509097738763	Marionette	DEBUG	Received observer notification "outer-window-destroyed" for "2147483680"
1509097738764	Marionette	DEBUG	Received observer notification "outer-window-destroyed" for "2147483665"
1509097738764	Marionette	DEBUG	Received observer notification "outer-window-destroyed" for "2147483659"
1509097738765	Marionette	DEBUG	Received observer notification "outer-window-destroyed" for "2147483670"
1509097738765	Marionette	DEBUG	Received observer notification "outer-window-destroyed" for "2147483660"
1509097738765	Marionette	DEBUG	Received observer notification "outer-window-destroyed" for "2147483678"
1509097739039	Marionette	DEBUG	Received DOM event "DOMContentLoaded" for "http://gadgets.ndtv.com/mobiles/all-brands"
1509097739270	Marionette	DEBUG	Received DOM event "DOMContentLoaded" for "http://acdn.adnxs.com/ib/static/usersync/v3/async_usersync.html"
1509097739278	Marionette	DEBUG	Received DOM event "pageshow" for "http://acdn.adnxs.com/ib/static/usersync/v3/async_usersync.html"
1509097739493	Marionette	DEBUG	Received observer notification "outer-window-destroyed" for "2147483709"
1509097739493	Marionette	DEBUG	Received observer notification "outer-window-destroyed" for "2147483710"
1509097739493	Marionette	DEBUG	Received observer notification "outer-window-destroyed" for "2147483711"
1509097739518	Marionette	DEBUG	Received DOM event "DOMContentLoaded" for "http://gadgets.ndtv.com/mobiles/all-brands"
1509097739522	Marionette	DEBUG	Received DOM event "pageshow" for "http://gadgets.ndtv.com/mobiles/all-brands"
1509097739523	Marionette	DEBUG	Received DOM event "DOMContentLoaded" for "http://gadgets.ndtv.com/mobiles/all-brands"
1509097739529	Marionette	DEBUG	Received DOM event "pageshow" for "http://gadgets.ndtv.com/mobiles/all-brands"
1509097739538	Marionette	DEBUG	Received DOM event "DOMContentLoaded" for "http://gadgets.ndtv.com/mobiles/all-brands"
1509097739540	Marionette	DEBUG	Received DOM event "pageshow" for "http://gadgets.ndtv.com/mobiles/all-brands"
1509097739885	Marionette	DEBUG	Received DOM event "DOMContentLoaded" for "http://gadgets.ndtv.com/mobiles/all-brands"
1509097739927	Marionette	DEBUG	Received DOM event "DOMContentLoaded" for "http://gadgets.ndtv.com/mobiles/all-brands"
1509097739934	Marionette	DEBUG	Received DOM event "DOMContentLoaded" for "http://gadgets.ndtv.com/mobiles/all-brands"
1509097739936	Marionette	DEBUG	Received DOM event "pageshow" for "http://gadgets.ndtv.com/mobiles/all-brands"
1509097739963	Marionette	DEBUG	Received DOM event "pageshow" for "http://gadgets.ndtv.com/mobiles/all-brands"
1509097739972	Marionette	DEBUG	Received DOM event "pageshow" for "http://gadgets.ndtv.com/mobiles/all-brands"
1509097740934	Marionette	DEBUG	Received DOM event "DOMContentLoaded" for "http://gadgets.ndtv.com/mobiles/all-brands"
1509097741127	Marionette	DEBUG	Received DOM event "DOMContentLoaded" for "https://secure-ds.serving-sys.com/BurstingRes/Site-27713/WSFolders/10956187//index.html?v=_2_88_1_0&n=1&r=_1_42_0_0"
1509097741138	Marionette	DEBUG	Received DOM event "pageshow" for "https://secure-ds.serving-sys.com/BurstingRes/Site-27713/WSFolders/10956187//index.html?v=_2_88_1_0&n=1&r=_1_42_0_0"
1509097741147	Marionette	DEBUG	Received DOM event "pageshow" for "http://gadgets.ndtv.com/mobiles/all-brands"
1509097741178	Marionette	DEBUG	Received DOM event "pageshow" for "http://gadgets.ndtv.com/mobiles/all-brands"
